c:\users\eric\documents\visual studio 2013\projects\polebalancingsfml\polebalancingsfml\x64\release\vc120.pdb
c:\users\eric\documents\visual studio 2013\projects\polebalancingsfml\polebalancingsfml\x64\release\tabularq.obj
c:\users\eric\documents\visual studio 2013\projects\polebalancingsfml\polebalancingsfml\x64\release\somqagent.obj
c:\users\eric\documents\visual studio 2013\projects\polebalancingsfml\polebalancingsfml\x64\release\rllstmagent.obj
c:\users\eric\documents\visual studio 2013\projects\polebalancingsfml\polebalancingsfml\x64\release\qagent.obj
c:\users\eric\documents\visual studio 2013\projects\polebalancingsfml\polebalancingsfml\x64\release\neuron.obj
c:\users\eric\documents\visual studio 2013\projects\polebalancingsfml\polebalancingsfml\x64\release\memorycell.obj
c:\users\eric\documents\visual studio 2013\projects\polebalancingsfml\polebalancingsfml\x64\release\memoryactor.obj
c:\users\eric\documents\visual studio 2013\projects\polebalancingsfml\polebalancingsfml\x64\release\geneticalgorithm.obj
c:\users\eric\documents\visual studio 2013\projects\polebalancingsfml\polebalancingsfml\x64\release\feedforwardneuralnetwork.obj
c:\users\eric\documents\visual studio 2013\projects\polebalancingsfml\polebalancingsfml\x64\release\cacla.obj
c:\users\eric\documents\visual studio 2013\projects\polebalancingsfml\polebalancingsfml\x64\release\brownianperturbation.obj
c:\users\eric\documents\visual studio 2013\projects\polebalancingsfml\polebalancingsfml\x64\release\actorcriticagent.obj
c:\users\eric\documents\visual studio 2013\projects\polebalancingsfml\polebalancingsfml\x64\release\main.obj
c:\users\eric\documents\visual studio 2013\projects\polebalancingsfml\polebalancingsfml\x64\release\som.obj
c:\users\eric\documents\visual studio 2013\projects\polebalancingsfml\polebalancingsfml\x64\release\psoqagent.obj
c:\users\eric\documents\visual studio 2013\projects\polebalancingsfml\polebalancingsfml\x64\release\psoagent.obj
c:\users\eric\documents\visual studio 2013\projects\polebalancingsfml\x64\release\polebalancingsfml.exe
c:\users\eric\documents\visual studio 2013\projects\polebalancingsfml\x64\release\polebalancingsfml.pdb
c:\users\eric\documents\visual studio 2013\projects\polebalancingsfml\polebalancingsfml\x64\release\polebala.b9b05039.tlog\cl.command.1.tlog
c:\users\eric\documents\visual studio 2013\projects\polebalancingsfml\polebalancingsfml\x64\release\polebala.b9b05039.tlog\cl.read.1.tlog
c:\users\eric\documents\visual studio 2013\projects\polebalancingsfml\polebalancingsfml\x64\release\polebala.b9b05039.tlog\cl.write.1.tlog
c:\users\eric\documents\visual studio 2013\projects\polebalancingsfml\polebalancingsfml\x64\release\polebala.b9b05039.tlog\link.command.1.tlog
c:\users\eric\documents\visual studio 2013\projects\polebalancingsfml\polebalancingsfml\x64\release\polebala.b9b05039.tlog\link.read.1.tlog
c:\users\eric\documents\visual studio 2013\projects\polebalancingsfml\polebalancingsfml\x64\release\polebala.b9b05039.tlog\link.write.1.tlog
