c:\users\eric\documents\visual studio 2013\projects\polebalancingsfml\polebalancingsfml\x64\debug\vc120.pdb
c:\users\eric\documents\visual studio 2013\projects\polebalancingsfml\polebalancingsfml\x64\debug\vc120.idb
c:\users\eric\documents\visual studio 2013\projects\polebalancingsfml\polebalancingsfml\x64\debug\main.obj
c:\users\eric\documents\visual studio 2013\projects\polebalancingsfml\polebalancingsfml\x64\debug\actorcriticagent.obj
c:\users\eric\documents\visual studio 2013\projects\polebalancingsfml\polebalancingsfml\x64\debug\brownianperturbation.obj
c:\users\eric\documents\visual studio 2013\projects\polebalancingsfml\polebalancingsfml\x64\debug\cacla.obj
c:\users\eric\documents\visual studio 2013\projects\polebalancingsfml\polebalancingsfml\x64\debug\feedforwardneuralnetwork.obj
c:\users\eric\documents\visual studio 2013\projects\polebalancingsfml\polebalancingsfml\x64\debug\geneticalgorithm.obj
c:\users\eric\documents\visual studio 2013\projects\polebalancingsfml\polebalancingsfml\x64\debug\neuron.obj
c:\users\eric\documents\visual studio 2013\projects\polebalancingsfml\polebalancingsfml\x64\debug\qagent.obj
c:\users\eric\documents\visual studio 2013\projects\polebalancingsfml\x64\debug\polebalancingsfml.pdb
c:\users\eric\documents\visual studio 2013\projects\polebalancingsfml\polebalancingsfml\x64\debug\polebala.b9b05039.tlog\cl.command.1.tlog
c:\users\eric\documents\visual studio 2013\projects\polebalancingsfml\polebalancingsfml\x64\debug\polebala.b9b05039.tlog\cl.read.1.tlog
c:\users\eric\documents\visual studio 2013\projects\polebalancingsfml\polebalancingsfml\x64\debug\polebala.b9b05039.tlog\cl.write.1.tlog
c:\users\eric\documents\visual studio 2013\projects\polebalancingsfml\polebalancingsfml\x64\debug\polebala.b9b05039.tlog\link.6232-cvtres.read.1.tlog
c:\users\eric\documents\visual studio 2013\projects\polebalancingsfml\polebalancingsfml\x64\debug\polebala.b9b05039.tlog\link.6232-cvtres.write.1.tlog
c:\users\eric\documents\visual studio 2013\projects\polebalancingsfml\polebalancingsfml\x64\debug\polebala.b9b05039.tlog\link.6232-rc.read.1.tlog
c:\users\eric\documents\visual studio 2013\projects\polebalancingsfml\polebalancingsfml\x64\debug\polebala.b9b05039.tlog\link.6232-rc.write.1.tlog
c:\users\eric\documents\visual studio 2013\projects\polebalancingsfml\polebalancingsfml\x64\debug\polebala.b9b05039.tlog\link.6232.read.1.tlog
c:\users\eric\documents\visual studio 2013\projects\polebalancingsfml\polebalancingsfml\x64\debug\polebala.b9b05039.tlog\link.6232.write.1.tlog
c:\users\eric\documents\visual studio 2013\projects\polebalancingsfml\polebalancingsfml\x64\debug\polebala.b9b05039.tlog\link.command.1.tlog
c:\users\eric\documents\visual studio 2013\projects\polebalancingsfml\polebalancingsfml\x64\debug\polebala.b9b05039.tlog\link.read.1.tlog
c:\users\eric\documents\visual studio 2013\projects\polebalancingsfml\polebalancingsfml\x64\debug\polebala.b9b05039.tlog\link.write.1.tlog
